app/build/intermediates/manifest_merge_blame_file/debug/manifest-merger-blame-debug-report.txt
1<?xml version="1.0" encoding="utf-8"?>
2<manifest xmlns:android="http://schemas.android.com/apk/res/android"
3    package="dgtic.unam.modulosieta"
4    android:versionCode="1"
5    android:versionName="1.0" >
6
7    <uses-sdk
8        android:minSdkVersion="21"
8-->src\main\AndroidManifest.xml
9        android:targetSdkVersion="32" />
9-->src\main\AndroidManifest.xml
10
11    <uses-permission android:name="android.permission.INTERNET" />
11-->src\main\AndroidManifest.xml:5:5-67
11-->src\main\AndroidManifest.xml:5:22-64
12    <uses-permission android:name="android.permission.WRITE_EXTERNAL_STORAGE" />
12-->src\main\AndroidManifest.xml:6:5-81
12-->src\main\AndroidManifest.xml:6:22-78
13    <uses-permission android:name="android.permission.READ_EXTERNAL_STORAGE" />
13-->src\main\AndroidManifest.xml:7:5-80
13-->src\main\AndroidManifest.xml:7:22-77
14    <uses-permission android:name="android.permission.MANAGE_EXTERNAL_STORAGE" />
14-->src\main\AndroidManifest.xml:8:5-82
14-->src\main\AndroidManifest.xml:8:22-79
15    <uses-permission android:name="android.permission.RECORD_AUDIO" />
15-->src\main\AndroidManifest.xml:9:5-71
15-->src\main\AndroidManifest.xml:9:22-68
16
17    <uses-feature
17-->src\main\AndroidManifest.xml:11:5-13:35
18        android:name="android.hardware.camera"
18-->src\main\AndroidManifest.xml:12:9-47
19        android:required="true" />
19-->src\main\AndroidManifest.xml:13:9-32
20
21    <application
21-->src\main\AndroidManifest.xml:15:5-89:19
22        android:allowBackup="true"
22-->src\main\AndroidManifest.xml:16:9-35
23        android:appComponentFactory="androidx.core.app.CoreComponentFactory"
23-->[androidx.core:core:1.7.0] AndroidManifest.xml:24:18-86
24        android:dataExtractionRules="@xml/data_extraction_rules"
24-->src\main\AndroidManifest.xml:17:9-65
25        android:debuggable="true"
26        android:fullBackupContent="@xml/backup_rules"
26-->src\main\AndroidManifest.xml:18:9-54
27        android:icon="@mipmap/ic_launcher"
27-->src\main\AndroidManifest.xml:19:9-43
28        android:label="@string/app_name"
28-->src\main\AndroidManifest.xml:20:9-41
29        android:roundIcon="@mipmap/ic_launcher_round"
29-->src\main\AndroidManifest.xml:21:9-54
30        android:supportsRtl="true"
30-->src\main\AndroidManifest.xml:22:9-35
31        android:theme="@style/Theme.ModuloSiete"
31-->src\main\AndroidManifest.xml:23:9-49
32        android:usesCleartextTraffic="true" >
32-->src\main\AndroidManifest.xml:24:9-44
33        <activity
33-->src\main\AndroidManifest.xml:26:9-32:20
34            android:name="dgtic.unam.modulosieta.activity_main_grabar"
34-->src\main\AndroidManifest.xml:27:13-49
35            android:exported="false" >
35-->src\main\AndroidManifest.xml:28:13-37
36            <meta-data
36-->src\main\AndroidManifest.xml:29:13-31:36
37                android:name="android.app.lib_name"
37-->src\main\AndroidManifest.xml:30:17-52
38                android:value="" />
38-->src\main\AndroidManifest.xml:31:17-33
39        </activity>
40        <activity
40-->src\main\AndroidManifest.xml:33:9-39:20
41            android:name="dgtic.unam.modulosieta.activity_main_musica"
41-->src\main\AndroidManifest.xml:34:13-49
42            android:exported="false" >
42-->src\main\AndroidManifest.xml:35:13-37
43            <meta-data
43-->src\main\AndroidManifest.xml:29:13-31:36
44                android:name="android.app.lib_name"
44-->src\main\AndroidManifest.xml:30:17-52
45                android:value="" />
45-->src\main\AndroidManifest.xml:31:17-33
46        </activity>
47        <activity
47-->src\main\AndroidManifest.xml:40:9-46:20
48            android:name="dgtic.unam.modulosieta.activity_main_video"
48-->src\main\AndroidManifest.xml:41:13-48
49            android:exported="false" >
49-->src\main\AndroidManifest.xml:42:13-37
50            <meta-data
50-->src\main\AndroidManifest.xml:29:13-31:36
51                android:name="android.app.lib_name"
51-->src\main\AndroidManifest.xml:30:17-52
52                android:value="" />
52-->src\main\AndroidManifest.xml:31:17-33
53        </activity>
54        <activity
54-->src\main\AndroidManifest.xml:47:9-53:20
55            android:name="dgtic.unam.modulosieta.NestedScrollView"
55-->src\main\AndroidManifest.xml:48:13-45
56            android:exported="false" >
56-->src\main\AndroidManifest.xml:49:13-37
57            <meta-data
57-->src\main\AndroidManifest.xml:29:13-31:36
58                android:name="android.app.lib_name"
58-->src\main\AndroidManifest.xml:30:17-52
59                android:value="" />
59-->src\main\AndroidManifest.xml:31:17-33
60        </activity>
61        <activity
61-->src\main\AndroidManifest.xml:54:9-60:20
62            android:name="dgtic.unam.modulosieta.CollapsingToolbarLayout"
62-->src\main\AndroidManifest.xml:55:13-52
63            android:exported="false" >
63-->src\main\AndroidManifest.xml:56:13-37
64            <meta-data
64-->src\main\AndroidManifest.xml:29:13-31:36
65                android:name="android.app.lib_name"
65-->src\main\AndroidManifest.xml:30:17-52
66                android:value="" />
66-->src\main\AndroidManifest.xml:31:17-33
67        </activity>
68        <activity
68-->src\main\AndroidManifest.xml:61:9-67:20
69            android:name="dgtic.unam.modulosieta.card_view_holder"
69-->src\main\AndroidManifest.xml:62:13-45
70            android:exported="false" >
70-->src\main\AndroidManifest.xml:63:13-37
71            <meta-data
71-->src\main\AndroidManifest.xml:29:13-31:36
72                android:name="android.app.lib_name"
72-->src\main\AndroidManifest.xml:30:17-52
73                android:value="" />
73-->src\main\AndroidManifest.xml:31:17-33
74        </activity>
75        <activity
75-->src\main\AndroidManifest.xml:68:9-74:20
76            android:name="dgtic.unam.modulosieta.ConstraintActivity"
76-->src\main\AndroidManifest.xml:69:13-47
77            android:exported="false" >
77-->src\main\AndroidManifest.xml:70:13-37
78            <meta-data
78-->src\main\AndroidManifest.xml:29:13-31:36
79                android:name="android.app.lib_name"
79-->src\main\AndroidManifest.xml:30:17-52
80                android:value="" />
80-->src\main\AndroidManifest.xml:31:17-33
81        </activity>
82        <activity
82-->src\main\AndroidManifest.xml:75:9-88:20
83            android:name="dgtic.unam.modulosieta.MainActivity"
83-->src\main\AndroidManifest.xml:76:13-41
84            android:exported="true"
84-->src\main\AndroidManifest.xml:77:13-36
85            android:theme="@style/Theme.ModuloSiete.NoActionBar" >
85-->src\main\AndroidManifest.xml:78:13-65
86            <intent-filter>
86-->src\main\AndroidManifest.xml:79:13-83:29
87                <action android:name="android.intent.action.MAIN" />
87-->src\main\AndroidManifest.xml:80:17-69
87-->src\main\AndroidManifest.xml:80:25-66
88
89                <category android:name="android.intent.category.LAUNCHER" />
89-->src\main\AndroidManifest.xml:82:17-77
89-->src\main\AndroidManifest.xml:82:27-74
90            </intent-filter>
91
92            <meta-data
92-->src\main\AndroidManifest.xml:29:13-31:36
93                android:name="android.app.lib_name"
93-->src\main\AndroidManifest.xml:30:17-52
94                android:value="" />
94-->src\main\AndroidManifest.xml:31:17-33
95        </activity>
96
97        <provider
97-->[androidx.emoji2:emoji2:1.0.0] AndroidManifest.xml:26:9-34:20
98            android:name="androidx.startup.InitializationProvider"
98-->[androidx.emoji2:emoji2:1.0.0] AndroidManifest.xml:27:13-67
99            android:authorities="dgtic.unam.modulosieta.androidx-startup"
99-->[androidx.emoji2:emoji2:1.0.0] AndroidManifest.xml:28:13-68
100            android:exported="false" >
100-->[androidx.emoji2:emoji2:1.0.0] AndroidManifest.xml:29:13-37
101            <meta-data
101-->[androidx.emoji2:emoji2:1.0.0] AndroidManifest.xml:31:13-33:52
102                android:name="androidx.emoji2.text.EmojiCompatInitializer"
102-->[androidx.emoji2:emoji2:1.0.0] AndroidManifest.xml:32:17-75
103                android:value="androidx.startup" />
103-->[androidx.emoji2:emoji2:1.0.0] AndroidManifest.xml:33:17-49
104            <meta-data
104-->[androidx.lifecycle:lifecycle-process:2.4.0] AndroidManifest.xml:31:13-33:52
105                android:name="androidx.lifecycle.ProcessLifecycleInitializer"
105-->[androidx.lifecycle:lifecycle-process:2.4.0] AndroidManifest.xml:32:17-78
106                android:value="androidx.startup" />
106-->[androidx.lifecycle:lifecycle-process:2.4.0] AndroidManifest.xml:33:17-49
107        </provider>
108    </application>
109
110</manifest>